  stdafx.cpp
  Universe.cpp
c:\users\udo\documents\github\voyage\voyage\voyage\universe.cpp(65): warning C4244: "Initialisierung": Konvertierung von "double" in "float", möglicher Datenverlust
c:\users\udo\documents\github\voyage\voyage\voyage\universe.cpp(84): warning C4305: "Initialisierung": Verkürzung von "double" in "float"
c:\users\udo\documents\github\voyage\voyage\voyage\universe.cpp(143): warning C4244: "Initialisierung": Konvertierung von "double" in "float", möglicher Datenverlust
c:\users\udo\documents\github\voyage\voyage\voyage\universe.cpp(226): warning C4305: "Argument": Verkürzung von "double" in "float"
  Player.cpp
c:\users\udo\documents\github\voyage\voyage\voyage\player.cpp(82): warning C4244: "Argument": Konvertierung von "double" in "float", möglicher Datenverlust
  Planet.cpp
c:\users\udo\documents\github\voyage\voyage\voyage\planet.cpp(17): warning C4244: "Argument": Konvertierung von "double" in "float", möglicher Datenverlust
  myUsefulMath.cpp
  mySFMLVectorFunctions.cpp
  main.cpp
  Framework.cpp
c:\users\udo\documents\github\voyage\voyage\voyage\framework.cpp(7): warning C4244: "Argument": Konvertierung von "time_t" in "unsigned int", möglicher Datenverlust
  EventData.cpp
  Element.cpp
  CheckBoxCompound.cpp
  CheckBox.cpp
  Button.cpp
  Code wird generiert...
sfml-graphics-s-d.lib(BlendMode.cpp.obj) : warning LNK4099: PDB "vc140.pdb" wurde nicht mit "sfml-graphics-s-d.lib(BlendMode.cpp.obj)" oder an "C:\Users\Udo\Documents\GitHub\Voyage\Voyage\Debug\vc140.pdb" gefunden; Objekt wird verknüpft, als ob keine Debuginformationen vorhanden wären.
sfml-graphics-s-d.lib(Color.cpp.obj) : warning LNK4099: PDB "vc140.pdb" wurde nicht mit "sfml-graphics-s-d.lib(Color.cpp.obj)" oder an "C:\Users\Udo\Documents\GitHub\Voyage\Voyage\Debug\vc140.pdb" gefunden; Objekt wird verknüpft, als ob keine Debuginformationen vorhanden wären.
sfml-graphics-s-d.lib(Font.cpp.obj) : warning LNK4099: PDB "vc140.pdb" wurde nicht mit "sfml-graphics-s-d.lib(Font.cpp.obj)" oder an "C:\Users\Udo\Documents\GitHub\Voyage\Voyage\Debug\vc140.pdb" gefunden; Objekt wird verknüpft, als ob keine Debuginformationen vorhanden wären.
sfml-graphics-s-d.lib(GLCheck.cpp.obj) : warning LNK4099: PDB "vc140.pdb" wurde nicht mit "sfml-graphics-s-d.lib(GLCheck.cpp.obj)" oder an "C:\Users\Udo\Documents\GitHub\Voyage\Voyage\Debug\vc140.pdb" gefunden; Objekt wird verknüpft, als ob keine Debuginformationen vorhanden wären.
sfml-graphics-s-d.lib(GLExtensions.cpp.obj) : warning LNK4099: PDB "vc140.pdb" wurde nicht mit "sfml-graphics-s-d.lib(GLExtensions.cpp.obj)" oder an "C:\Users\Udo\Documents\GitHub\Voyage\Voyage\Debug\vc140.pdb" gefunden; Objekt wird verknüpft, als ob keine Debuginformationen vorhanden wären.
sfml-graphics-s-d.lib(Image.cpp.obj) : warning LNK4099: PDB "vc140.pdb" wurde nicht mit "sfml-graphics-s-d.lib(Image.cpp.obj)" oder an "C:\Users\Udo\Documents\GitHub\Voyage\Voyage\Debug\vc140.pdb" gefunden; Objekt wird verknüpft, als ob keine Debuginformationen vorhanden wären.
sfml-graphics-s-d.lib(ImageLoader.cpp.obj) : warning LNK4099: PDB "vc140.pdb" wurde nicht mit "sfml-graphics-s-d.lib(ImageLoader.cpp.obj)" oder an "C:\Users\Udo\Documents\GitHub\Voyage\Voyage\Debug\vc140.pdb" gefunden; Objekt wird verknüpft, als ob keine Debuginformationen vorhanden wären.
sfml-graphics-s-d.lib(RenderStates.cpp.obj) : warning LNK4099: PDB "vc140.pdb" wurde nicht mit "sfml-graphics-s-d.lib(RenderStates.cpp.obj)" oder an "C:\Users\Udo\Documents\GitHub\Voyage\Voyage\Debug\vc140.pdb" gefunden; Objekt wird verknüpft, als ob keine Debuginformationen vorhanden wären.
sfml-graphics-s-d.lib(RenderTarget.cpp.obj) : warning LNK4099: PDB "vc140.pdb" wurde nicht mit "sfml-graphics-s-d.lib(RenderTarget.cpp.obj)" oder an "C:\Users\Udo\Documents\GitHub\Voyage\Voyage\Debug\vc140.pdb" gefunden; Objekt wird verknüpft, als ob keine Debuginformationen vorhanden wären.
sfml-graphics-s-d.lib(RenderWindow.cpp.obj) : warning LNK4099: PDB "vc140.pdb" wurde nicht mit "sfml-graphics-s-d.lib(RenderWindow.cpp.obj)" oder an "C:\Users\Udo\Documents\GitHub\Voyage\Voyage\Debug\vc140.pdb" gefunden; Objekt wird verknüpft, als ob keine Debuginformationen vorhanden wären.
sfml-graphics-s-d.lib(Shader.cpp.obj) : warning LNK4099: PDB "vc140.pdb" wurde nicht mit "sfml-graphics-s-d.lib(Shader.cpp.obj)" oder an "C:\Users\Udo\Documents\GitHub\Voyage\Voyage\Debug\vc140.pdb" gefunden; Objekt wird verknüpft, als ob keine Debuginformationen vorhanden wären.
sfml-graphics-s-d.lib(Texture.cpp.obj) : warning LNK4099: PDB "vc140.pdb" wurde nicht mit "sfml-graphics-s-d.lib(Texture.cpp.obj)" oder an "C:\Users\Udo\Documents\GitHub\Voyage\Voyage\Debug\vc140.pdb" gefunden; Objekt wird verknüpft, als ob keine Debuginformationen vorhanden wären.
sfml-graphics-s-d.lib(TextureSaver.cpp.obj) : warning LNK4099: PDB "vc140.pdb" wurde nicht mit "sfml-graphics-s-d.lib(TextureSaver.cpp.obj)" oder an "C:\Users\Udo\Documents\GitHub\Voyage\Voyage\Debug\vc140.pdb" gefunden; Objekt wird verknüpft, als ob keine Debuginformationen vorhanden wären.
sfml-graphics-s-d.lib(Transform.cpp.obj) : warning LNK4099: PDB "vc140.pdb" wurde nicht mit "sfml-graphics-s-d.lib(Transform.cpp.obj)" oder an "C:\Users\Udo\Documents\GitHub\Voyage\Voyage\Debug\vc140.pdb" gefunden; Objekt wird verknüpft, als ob keine Debuginformationen vorhanden wären.
sfml-graphics-s-d.lib(Transformable.cpp.obj) : warning LNK4099: PDB "vc140.pdb" wurde nicht mit "sfml-graphics-s-d.lib(Transformable.cpp.obj)" oder an "C:\Users\Udo\Documents\GitHub\Voyage\Voyage\Debug\vc140.pdb" gefunden; Objekt wird verknüpft, als ob keine Debuginformationen vorhanden wären.
sfml-graphics-s-d.lib(View.cpp.obj) : warning LNK4099: PDB "vc140.pdb" wurde nicht mit "sfml-graphics-s-d.lib(View.cpp.obj)" oder an "C:\Users\Udo\Documents\GitHub\Voyage\Voyage\Debug\vc140.pdb" gefunden; Objekt wird verknüpft, als ob keine Debuginformationen vorhanden wären.
sfml-graphics-s-d.lib(Vertex.cpp.obj) : warning LNK4099: PDB "vc140.pdb" wurde nicht mit "sfml-graphics-s-d.lib(Vertex.cpp.obj)" oder an "C:\Users\Udo\Documents\GitHub\Voyage\Voyage\Debug\vc140.pdb" gefunden; Objekt wird verknüpft, als ob keine Debuginformationen vorhanden wären.
sfml-graphics-s-d.lib(GLLoader.cpp.obj) : warning LNK4099: PDB "vc140.pdb" wurde nicht mit "sfml-graphics-s-d.lib(GLLoader.cpp.obj)" oder an "C:\Users\Udo\Documents\GitHub\Voyage\Voyage\Debug\vc140.pdb" gefunden; Objekt wird verknüpft, als ob keine Debuginformationen vorhanden wären.
sfml-graphics-s-d.lib(Shape.cpp.obj) : warning LNK4099: PDB "vc140.pdb" wurde nicht mit "sfml-graphics-s-d.lib(Shape.cpp.obj)" oder an "C:\Users\Udo\Documents\GitHub\Voyage\Voyage\Debug\vc140.pdb" gefunden; Objekt wird verknüpft, als ob keine Debuginformationen vorhanden wären.
sfml-graphics-s-d.lib(CircleShape.cpp.obj) : warning LNK4099: PDB "vc140.pdb" wurde nicht mit "sfml-graphics-s-d.lib(CircleShape.cpp.obj)" oder an "C:\Users\Udo\Documents\GitHub\Voyage\Voyage\Debug\vc140.pdb" gefunden; Objekt wird verknüpft, als ob keine Debuginformationen vorhanden wären.
sfml-graphics-s-d.lib(Sprite.cpp.obj) : warning LNK4099: PDB "vc140.pdb" wurde nicht mit "sfml-graphics-s-d.lib(Sprite.cpp.obj)" oder an "C:\Users\Udo\Documents\GitHub\Voyage\Voyage\Debug\vc140.pdb" gefunden; Objekt wird verknüpft, als ob keine Debuginformationen vorhanden wären.
sfml-graphics-s-d.lib(Text.cpp.obj) : warning LNK4099: PDB "vc140.pdb" wurde nicht mit "sfml-graphics-s-d.lib(Text.cpp.obj)" oder an "C:\Users\Udo\Documents\GitHub\Voyage\Voyage\Debug\vc140.pdb" gefunden; Objekt wird verknüpft, als ob keine Debuginformationen vorhanden wären.
sfml-graphics-s-d.lib(VertexArray.cpp.obj) : warning LNK4099: PDB "vc140.pdb" wurde nicht mit "sfml-graphics-s-d.lib(VertexArray.cpp.obj)" oder an "C:\Users\Udo\Documents\GitHub\Voyage\Voyage\Debug\vc140.pdb" gefunden; Objekt wird verknüpft, als ob keine Debuginformationen vorhanden wären.
sfml-window-s-d.lib(Context.cpp.obj) : warning LNK4099: PDB "vc140.pdb" wurde nicht mit "sfml-window-s-d.lib(Context.cpp.obj)" oder an "C:\Users\Udo\Documents\GitHub\Voyage\Voyage\Debug\vc140.pdb" gefunden; Objekt wird verknüpft, als ob keine Debuginformationen vorhanden wären.
sfml-window-s-d.lib(GlContext.cpp.obj) : warning LNK4099: PDB "vc140.pdb" wurde nicht mit "sfml-window-s-d.lib(GlContext.cpp.obj)" oder an "C:\Users\Udo\Documents\GitHub\Voyage\Voyage\Debug\vc140.pdb" gefunden; Objekt wird verknüpft, als ob keine Debuginformationen vorhanden wären.
sfml-window-s-d.lib(GlResource.cpp.obj) : warning LNK4099: PDB "vc140.pdb" wurde nicht mit "sfml-window-s-d.lib(GlResource.cpp.obj)" oder an "C:\Users\Udo\Documents\GitHub\Voyage\Voyage\Debug\vc140.pdb" gefunden; Objekt wird verknüpft, als ob keine Debuginformationen vorhanden wären.
sfml-window-s-d.lib(Joystick.cpp.obj) : warning LNK4099: PDB "vc140.pdb" wurde nicht mit "sfml-window-s-d.lib(Joystick.cpp.obj)" oder an "C:\Users\Udo\Documents\GitHub\Voyage\Voyage\Debug\vc140.pdb" gefunden; Objekt wird verknüpft, als ob keine Debuginformationen vorhanden wären.
sfml-window-s-d.lib(JoystickManager.cpp.obj) : warning LNK4099: PDB "vc140.pdb" wurde nicht mit "sfml-window-s-d.lib(JoystickManager.cpp.obj)" oder an "C:\Users\Udo\Documents\GitHub\Voyage\Voyage\Debug\vc140.pdb" gefunden; Objekt wird verknüpft, als ob keine Debuginformationen vorhanden wären.
sfml-window-s-d.lib(Keyboard.cpp.obj) : warning LNK4099: PDB "vc140.pdb" wurde nicht mit "sfml-window-s-d.lib(Keyboard.cpp.obj)" oder an "C:\Users\Udo\Documents\GitHub\Voyage\Voyage\Debug\vc140.pdb" gefunden; Objekt wird verknüpft, als ob keine Debuginformationen vorhanden wären.
sfml-window-s-d.lib(Mouse.cpp.obj) : warning LNK4099: PDB "vc140.pdb" wurde nicht mit "sfml-window-s-d.lib(Mouse.cpp.obj)" oder an "C:\Users\Udo\Documents\GitHub\Voyage\Voyage\Debug\vc140.pdb" gefunden; Objekt wird verknüpft, als ob keine Debuginformationen vorhanden wären.
sfml-window-s-d.lib(SensorManager.cpp.obj) : warning LNK4099: PDB "vc140.pdb" wurde nicht mit "sfml-window-s-d.lib(SensorManager.cpp.obj)" oder an "C:\Users\Udo\Documents\GitHub\Voyage\Voyage\Debug\vc140.pdb" gefunden; Objekt wird verknüpft, als ob keine Debuginformationen vorhanden wären.
sfml-window-s-d.lib(VideoMode.cpp.obj) : warning LNK4099: PDB "vc140.pdb" wurde nicht mit "sfml-window-s-d.lib(VideoMode.cpp.obj)" oder an "C:\Users\Udo\Documents\GitHub\Voyage\Voyage\Debug\vc140.pdb" gefunden; Objekt wird verknüpft, als ob keine Debuginformationen vorhanden wären.
sfml-window-s-d.lib(Window.cpp.obj) : warning LNK4099: PDB "vc140.pdb" wurde nicht mit "sfml-window-s-d.lib(Window.cpp.obj)" oder an "C:\Users\Udo\Documents\GitHub\Voyage\Voyage\Debug\vc140.pdb" gefunden; Objekt wird verknüpft, als ob keine Debuginformationen vorhanden wären.
sfml-window-s-d.lib(WindowImpl.cpp.obj) : warning LNK4099: PDB "vc140.pdb" wurde nicht mit "sfml-window-s-d.lib(WindowImpl.cpp.obj)" oder an "C:\Users\Udo\Documents\GitHub\Voyage\Voyage\Debug\vc140.pdb" gefunden; Objekt wird verknüpft, als ob keine Debuginformationen vorhanden wären.
sfml-window-s-d.lib(WglContext.cpp.obj) : warning LNK4099: PDB "vc140.pdb" wurde nicht mit "sfml-window-s-d.lib(WglContext.cpp.obj)" oder an "C:\Users\Udo\Documents\GitHub\Voyage\Voyage\Debug\vc140.pdb" gefunden; Objekt wird verknüpft, als ob keine Debuginformationen vorhanden wären.
sfml-window-s-d.lib(WglExtensions.cpp.obj) : warning LNK4099: PDB "vc140.pdb" wurde nicht mit "sfml-window-s-d.lib(WglExtensions.cpp.obj)" oder an "C:\Users\Udo\Documents\GitHub\Voyage\Voyage\Debug\vc140.pdb" gefunden; Objekt wird verknüpft, als ob keine Debuginformationen vorhanden wären.
sfml-window-s-d.lib(InputImpl.cpp.obj) : warning LNK4099: PDB "vc140.pdb" wurde nicht mit "sfml-window-s-d.lib(InputImpl.cpp.obj)" oder an "C:\Users\Udo\Documents\GitHub\Voyage\Voyage\Debug\vc140.pdb" gefunden; Objekt wird verknüpft, als ob keine Debuginformationen vorhanden wären.
sfml-window-s-d.lib(JoystickImpl.cpp.obj) : warning LNK4099: PDB "vc140.pdb" wurde nicht mit "sfml-window-s-d.lib(JoystickImpl.cpp.obj)" oder an "C:\Users\Udo\Documents\GitHub\Voyage\Voyage\Debug\vc140.pdb" gefunden; Objekt wird verknüpft, als ob keine Debuginformationen vorhanden wären.
sfml-window-s-d.lib(SensorImpl.cpp.obj) : warning LNK4099: PDB "vc140.pdb" wurde nicht mit "sfml-window-s-d.lib(SensorImpl.cpp.obj)" oder an "C:\Users\Udo\Documents\GitHub\Voyage\Voyage\Debug\vc140.pdb" gefunden; Objekt wird verknüpft, als ob keine Debuginformationen vorhanden wären.
sfml-window-s-d.lib(VideoModeImpl.cpp.obj) : warning LNK4099: PDB "vc140.pdb" wurde nicht mit "sfml-window-s-d.lib(VideoModeImpl.cpp.obj)" oder an "C:\Users\Udo\Documents\GitHub\Voyage\Voyage\Debug\vc140.pdb" gefunden; Objekt wird verknüpft, als ob keine Debuginformationen vorhanden wären.
sfml-window-s-d.lib(WindowImplWin32.cpp.obj) : warning LNK4099: PDB "vc140.pdb" wurde nicht mit "sfml-window-s-d.lib(WindowImplWin32.cpp.obj)" oder an "C:\Users\Udo\Documents\GitHub\Voyage\Voyage\Debug\vc140.pdb" gefunden; Objekt wird verknüpft, als ob keine Debuginformationen vorhanden wären.
sfml-system-s-d.lib(Clock.cpp.obj) : warning LNK4099: PDB "vc140.pdb" wurde nicht mit "sfml-system-s-d.lib(Clock.cpp.obj)" oder an "C:\Users\Udo\Documents\GitHub\Voyage\Voyage\Debug\vc140.pdb" gefunden; Objekt wird verknüpft, als ob keine Debuginformationen vorhanden wären.
sfml-system-s-d.lib(Err.cpp.obj) : warning LNK4099: PDB "vc140.pdb" wurde nicht mit "sfml-system-s-d.lib(Err.cpp.obj)" oder an "C:\Users\Udo\Documents\GitHub\Voyage\Voyage\Debug\vc140.pdb" gefunden; Objekt wird verknüpft, als ob keine Debuginformationen vorhanden wären.
sfml-system-s-d.lib(Lock.cpp.obj) : warning LNK4099: PDB "vc140.pdb" wurde nicht mit "sfml-system-s-d.lib(Lock.cpp.obj)" oder an "C:\Users\Udo\Documents\GitHub\Voyage\Voyage\Debug\vc140.pdb" gefunden; Objekt wird verknüpft, als ob keine Debuginformationen vorhanden wären.
sfml-system-s-d.lib(Mutex.cpp.obj) : warning LNK4099: PDB "vc140.pdb" wurde nicht mit "sfml-system-s-d.lib(Mutex.cpp.obj)" oder an "C:\Users\Udo\Documents\GitHub\Voyage\Voyage\Debug\vc140.pdb" gefunden; Objekt wird verknüpft, als ob keine Debuginformationen vorhanden wären.
sfml-system-s-d.lib(Sleep.cpp.obj) : warning LNK4099: PDB "vc140.pdb" wurde nicht mit "sfml-system-s-d.lib(Sleep.cpp.obj)" oder an "C:\Users\Udo\Documents\GitHub\Voyage\Voyage\Debug\vc140.pdb" gefunden; Objekt wird verknüpft, als ob keine Debuginformationen vorhanden wären.
sfml-system-s-d.lib(String.cpp.obj) : warning LNK4099: PDB "vc140.pdb" wurde nicht mit "sfml-system-s-d.lib(String.cpp.obj)" oder an "C:\Users\Udo\Documents\GitHub\Voyage\Voyage\Debug\vc140.pdb" gefunden; Objekt wird verknüpft, als ob keine Debuginformationen vorhanden wären.
sfml-system-s-d.lib(ThreadLocal.cpp.obj) : warning LNK4099: PDB "vc140.pdb" wurde nicht mit "sfml-system-s-d.lib(ThreadLocal.cpp.obj)" oder an "C:\Users\Udo\Documents\GitHub\Voyage\Voyage\Debug\vc140.pdb" gefunden; Objekt wird verknüpft, als ob keine Debuginformationen vorhanden wären.
sfml-system-s-d.lib(Time.cpp.obj) : warning LNK4099: PDB "vc140.pdb" wurde nicht mit "sfml-system-s-d.lib(Time.cpp.obj)" oder an "C:\Users\Udo\Documents\GitHub\Voyage\Voyage\Debug\vc140.pdb" gefunden; Objekt wird verknüpft, als ob keine Debuginformationen vorhanden wären.
sfml-system-s-d.lib(ClockImpl.cpp.obj) : warning LNK4099: PDB "vc140.pdb" wurde nicht mit "sfml-system-s-d.lib(ClockImpl.cpp.obj)" oder an "C:\Users\Udo\Documents\GitHub\Voyage\Voyage\Debug\vc140.pdb" gefunden; Objekt wird verknüpft, als ob keine Debuginformationen vorhanden wären.
sfml-system-s-d.lib(MutexImpl.cpp.obj) : warning LNK4099: PDB "vc140.pdb" wurde nicht mit "sfml-system-s-d.lib(MutexImpl.cpp.obj)" oder an "C:\Users\Udo\Documents\GitHub\Voyage\Voyage\Debug\vc140.pdb" gefunden; Objekt wird verknüpft, als ob keine Debuginformationen vorhanden wären.
sfml-system-s-d.lib(SleepImpl.cpp.obj) : warning LNK4099: PDB "vc140.pdb" wurde nicht mit "sfml-system-s-d.lib(SleepImpl.cpp.obj)" oder an "C:\Users\Udo\Documents\GitHub\Voyage\Voyage\Debug\vc140.pdb" gefunden; Objekt wird verknüpft, als ob keine Debuginformationen vorhanden wären.
sfml-system-s-d.lib(ThreadLocalImpl.cpp.obj) : warning LNK4099: PDB "vc140.pdb" wurde nicht mit "sfml-system-s-d.lib(ThreadLocalImpl.cpp.obj)" oder an "C:\Users\Udo\Documents\GitHub\Voyage\Voyage\Debug\vc140.pdb" gefunden; Objekt wird verknüpft, als ob keine Debuginformationen vorhanden wären.
  Voyage.vcxproj -> C:\Users\Udo\Documents\GitHub\Voyage\Voyage\Debug\Voyage.exe
